2026-02-18 18:10:22,086 [INFO] ============================================================
2026-02-18 18:10:22,087 [INFO] Démarrage du scraper (format=csv, exclude_genres=Party; Film, exclude_statuses=cancelled)
2026-02-18 18:10:22,087 [INFO] Récupération de la liste des concerts…
2026-02-18 18:10:34,800 [INFO] 120 concerts trouvés via l'API
2026-02-18 18:10:34,803 [INFO] Scraping de 120 pages pour horaires…
2026-02-18 18:10:41,830 [INFO] Scraping terminé : 120/120 pages OK
2026-02-18 18:10:41,842 [INFO] Filtre genres exclus {'film', 'party'} : 120 → 120 concerts
2026-02-18 18:10:41,843 [INFO] Filtre statuts exclus {'cancelled'} : 120 → 119 concerts
2026-02-18 18:10:41,844 [INFO] 0 nouveau(x) concert(s) détecté(s)
2026-02-18 18:10:41,851 [INFO] ✅ 119 concerts sauvegardés → C:\Users\jlp\Documents\Dev\infoconcert.lu\python\CSV\scrape_rockhal_concerts.csv
2026-02-18 18:10:41,852 [INFO] Fin du scraper
2026-02-18 18:20:54,867 [INFO] ============================================================
2026-02-18 18:20:54,867 [INFO] Démarrage du scraper (format=json, exclude_genres=Party; Film, exclude_statuses=cancelled)
2026-02-18 18:20:54,868 [INFO] Récupération de la liste des concerts…
2026-02-18 18:21:07,342 [INFO] 120 concerts trouvés via l'API
2026-02-18 18:21:07,342 [INFO] Scraping de 120 pages pour horaires…
2026-02-18 18:21:15,125 [INFO] Scraping terminé : 120/120 pages OK
2026-02-18 18:21:15,133 [INFO] Filtre genres exclus {'party', 'film'} : 120 → 120 concerts
2026-02-18 18:21:15,133 [INFO] Filtre statuts exclus {'cancelled'} : 120 → 119 concerts
2026-02-18 18:21:15,134 [INFO] 0 nouveau(x) concert(s) détecté(s)
2026-02-18 18:21:15,137 [INFO] ✅ 119 concerts sauvegardés → C:\Users\jlp\Documents\Dev\infoconcert.lu\python\JSON\scrape_rockhal_concerts.json
2026-02-18 18:21:15,137 [INFO] Fin du scraper
