2026-02-18 18:22:00,468 [INFO] ============================================================
2026-02-18 18:22:00,468 [INFO] Démarrage du scraper (format=json, exclude_genres=Party; Film, exclude_statuses=cancelled)
2026-02-18 18:22:00,468 [INFO] Récupération de la liste des concerts…
2026-02-18 18:22:00,602 [INFO] 96 concerts trouvés via l'API
2026-02-18 18:22:00,602 [INFO] Scraping de 96 pages pour adresse et horaires…
2026-02-18 18:22:04,679 [INFO] Scraping terminé : 96/96 pages OK
2026-02-18 18:22:04,685 [INFO] Filtre genres exclus {'film', 'party'} : 96 → 94 concerts
2026-02-18 18:22:04,686 [INFO] Filtre statuts exclus {'cancelled'} : 94 → 94 concerts
2026-02-18 18:22:04,687 [INFO] 0 nouveau(x) concert(s) détecté(s)
2026-02-18 18:22:04,690 [INFO] ✅ 94 concerts sauvegardés → C:\Users\jlp\Documents\Dev\infoconcert.lu\python\JSON\scrape_atelier_concerts.json
2026-02-18 18:22:04,690 [INFO] Fin du scraper
2026-02-19 17:36:05,732 [INFO] ============================================================
2026-02-19 17:36:05,733 [INFO] Démarrage du scraper (format=json, exclude_genres=Party; Film, exclude_statuses=cancelled)
2026-02-19 17:36:05,733 [INFO] Récupération de la liste des concerts…
2026-02-19 17:36:05,946 [INFO] 96 concerts trouvés via l'API
2026-02-19 17:36:05,946 [INFO] Scraping de 96 pages pour adresse et horaires…
2026-02-19 17:36:10,192 [INFO] Scraping terminé : 96/96 pages OK
2026-02-19 17:36:10,204 [INFO] Filtre genres exclus {'film', 'party'} : 96 → 94 concerts
2026-02-19 17:36:10,205 [INFO] Filtre statuts exclus {'cancelled'} : 94 → 94 concerts
2026-02-19 17:36:10,206 [INFO] 0 nouveau(x) concert(s) détecté(s)
2026-02-19 17:36:10,208 [INFO] ✅ 94 concerts sauvegardés → C:\Users\jlp\Documents\Dev\infoconcert.lu\python\JSON\scrape_atelier_concerts.json
2026-02-19 17:36:10,209 [INFO] Fin du scraper
2026-02-22 09:55:50,837 [INFO] ============================================================
2026-02-22 09:55:50,837 [INFO] Démarrage du scraper (format=json, exclude_genres=Party; Film, exclude_statuses=cancelled)
2026-02-22 09:55:50,837 [INFO] Récupération de la liste des concerts…
2026-02-22 09:55:51,123 [INFO] 96 concerts trouvés via l'API
2026-02-22 09:55:51,124 [INFO] Scraping de 96 pages pour adresse et horaires…
2026-02-22 09:55:56,932 [INFO] Scraping terminé : 96/96 pages OK
2026-02-22 09:55:56,944 [INFO] Filtre genres exclus {'film', 'party'} : 96 → 93 concerts
2026-02-22 09:55:56,944 [INFO] Filtre statuts exclus {'cancelled'} : 93 → 93 concerts
2026-02-22 09:55:56,946 [INFO] 0 nouveau(x) concert(s) détecté(s)
2026-02-22 09:55:56,948 [INFO] ✅ 93 concerts sauvegardés → C:\Users\jlp\Documents\Dev\infoconcert.lu\python\JSON\scrape_atelier_concerts.json
2026-02-22 09:55:56,948 [INFO] Fin du scraper
2026-02-22 09:56:22,601 [INFO] ============================================================
2026-02-22 09:56:22,601 [INFO] Démarrage du scraper (format=csv, exclude_genres=Party; Film, exclude_statuses=cancelled)
2026-02-22 09:56:22,601 [INFO] Récupération de la liste des concerts…
2026-02-22 09:56:22,753 [INFO] 96 concerts trouvés via l'API
2026-02-22 09:56:22,753 [INFO] Scraping de 96 pages pour adresse et horaires…
2026-02-22 09:56:27,662 [INFO] Scraping terminé : 96/96 pages OK
2026-02-22 09:56:27,668 [INFO] Filtre genres exclus {'party', 'film'} : 96 → 93 concerts
2026-02-22 09:56:27,668 [INFO] Filtre statuts exclus {'cancelled'} : 93 → 93 concerts
2026-02-22 09:56:27,670 [INFO] 0 nouveau(x) concert(s) détecté(s)
2026-02-22 09:56:27,673 [INFO] ✅ 93 concerts sauvegardés → C:\Users\jlp\Documents\Dev\infoconcert.lu\python\CSV\scrape_atelier_concerts.csv
2026-02-22 09:56:27,673 [INFO] Fin du scraper
2026-02-22 17:01:23,471 [INFO] ============================================================
2026-02-22 17:01:23,471 [INFO] Démarrage du scraper (format=json, exclude_genres=Kids/Young Audience, exclude_statuses=cancelled)
2026-02-22 17:01:23,471 [INFO] Récupération de la liste des concerts…
2026-02-22 17:01:23,633 [INFO] 96 concerts trouvés via l'API
2026-02-22 17:01:23,633 [INFO] Scraping de 96 pages pour adresse et horaires…
2026-02-22 17:01:28,819 [INFO] Scraping terminé : 96/96 pages OK
2026-02-22 17:01:28,825 [INFO] Filtre genres exclus {'kids/young audience'} : 96 → 96 concerts
2026-02-22 17:01:28,825 [INFO] Filtre statuts exclus {'cancelled'} : 96 → 96 concerts
2026-02-22 17:01:28,828 [INFO] ✅ 96 concerts sauvegardés → C:\Users\jlp\Documents\Dev\infoconcert.lu\python\JSON\scrape_atelier_concerts.json
2026-02-22 17:01:28,828 [INFO] Fin du scraper
2026-02-24 15:45:28,879 [INFO] ============================================================
2026-02-24 15:45:28,879 [INFO] Démarrage du scraper (format=csv, exclude_genres=None, exclude_statuses=None)
2026-02-24 15:45:28,880 [INFO] Récupération de la liste des concerts…
2026-02-24 15:45:29,002 [INFO] 97 concerts trouvés via l'API
2026-02-24 15:45:29,003 [INFO] Scraping de 97 pages pour adresse et horaires…
2026-02-24 15:45:32,737 [INFO] Scraping terminé : 97/97 pages OK
2026-02-24 15:45:32,758 [INFO] ✅ 97 concerts sauvegardés → C:\Users\jlp\Documents\Dev\infoconcert.lu\python\CSV\scrape_atelier_concerts.csv
2026-02-24 15:45:32,758 [INFO] Fin du scraper
2026-02-24 16:07:54,523 [INFO] ============================================================
2026-02-24 16:07:54,523 [INFO] Démarrage du scraper (format=csv, exclude_genres=None, exclude_statuses=None)
2026-02-24 16:07:54,523 [INFO] Récupération de la liste des concerts…
2026-02-24 16:07:54,670 [INFO] 97 concerts trouvés via l'API
2026-02-24 16:07:54,670 [INFO] Scraping de 97 pages pour adresse et horaires…
2026-02-24 16:07:59,001 [INFO] Scraping terminé : 97/97 pages OK
2026-02-24 16:07:59,009 [INFO] ✅ 97 concerts sauvegardés → C:\Users\jlp\Documents\Dev\infoconcert.lu\python\CSV\scrape_atelier_concerts.csv
2026-02-24 16:07:59,009 [INFO] Fin du scraper
2026-02-24 16:12:31,845 [INFO] ============================================================
2026-02-24 16:12:31,846 [INFO] Démarrage du scraper (format=csv, exclude_genres=None, exclude_statuses=None)
2026-02-24 16:12:31,846 [INFO] Récupération de la liste des concerts…
2026-02-24 16:12:31,961 [INFO] 97 concerts trouvés via l'API
2026-02-24 16:12:31,961 [INFO] Scraping de 97 pages pour adresse et horaires…
2026-02-24 16:12:35,703 [INFO] Scraping terminé : 97/97 pages OK
2026-02-24 16:12:35,714 [INFO] ✅ 97 concerts sauvegardés → C:\Users\jlp\Documents\Dev\infoconcert.lu\python\CSV\scrape_atelier_concerts.csv
2026-02-24 16:12:35,715 [INFO] Fin du scraper
2026-02-24 16:13:29,532 [INFO] ============================================================
2026-02-24 16:13:29,532 [INFO] Démarrage du scraper (format=csv, exclude_genres=None, exclude_statuses=None)
2026-02-24 16:13:29,533 [INFO] Récupération de la liste des concerts…
2026-02-24 16:13:29,665 [INFO] 97 concerts trouvés via l'API
2026-02-24 16:13:29,665 [INFO] Scraping de 97 pages pour adresse et horaires…
2026-02-24 16:13:34,112 [INFO] Scraping terminé : 97/97 pages OK
2026-02-24 16:13:34,120 [INFO] ✅ 97 concerts sauvegardés → C:\Users\jlp\Documents\Dev\infoconcert.lu\python\CSV\scrape_atelier_concerts.csv
2026-02-24 16:13:34,120 [INFO] Fin du scraper
2026-02-24 16:18:47,062 [INFO] ============================================================
2026-02-24 16:18:47,062 [INFO] Démarrage du scraper (format=csv, exclude_genres=None, exclude_statuses=None)
2026-02-24 16:18:47,062 [INFO] Récupération de la liste des concerts…
2026-02-24 16:18:47,221 [INFO] 97 concerts trouvés via l'API
2026-02-24 16:18:47,222 [INFO] Scraping de 97 pages pour adresse et horaires…
2026-02-24 16:18:51,157 [INFO] Scraping terminé : 97/97 pages OK
2026-02-24 16:18:51,169 [INFO] ✅ 97 concerts sauvegardés → C:\Users\jlp\Documents\Dev\infoconcert.lu\python\CSV\scrape_atelier_concerts.csv
2026-02-24 16:18:51,169 [INFO] Fin du scraper
